<?xml version="1.0"?>
<!DOCTYPE coverage SYSTEM "http://cobertura.sourceforge.net/xml/coverage-03.dtd">

<coverage line-rate="0.0" branch-rate="0.0" version="1.9" timestamp="1414918529165">
	<sources>
		<source>/home/donkey/workspace/primefaces/src/main/java</source>
		<source>--source</source>
	</sources>
	<packages>
		<package name="com.datasciencebox.editor" line-rate="0.0" branch-rate="0.0" complexity="1.0">
			<classes>
				<class name="com.datasciencebox.editor.BasicView" filename="com/datasciencebox/editor/BasicView.java" line-rate="0.0" branch-rate="1.0" complexity="0.0">
					<methods>
						<method name="&lt;init&gt;" signature="()V" line-rate="0.0" branch-rate="1.0">
							<lines>
								<line number="6" hits="0" branch="false"/>
							</lines>
						</method>
						<method name="getText" signature="()Ljava/lang/String;" line-rate="0.0" branch-rate="1.0">
							<lines>
								<line number="11" hits="0" branch="false"/>
							</lines>
						</method>
						<method name="setText" signature="(Ljava/lang/String;)V" line-rate="0.0" branch-rate="1.0">
							<lines>
								<line number="14" hits="0" branch="false"/>
								<line number="15" hits="0" branch="false"/>
							</lines>
						</method>
					</methods>
					<lines>
						<line number="6" hits="0" branch="false"/>
						<line number="11" hits="0" branch="false"/>
						<line number="14" hits="0" branch="false"/>
						<line number="15" hits="0" branch="false"/>
					</lines>
				</class>
				<class name="com.datasciencebox.editor.ChartView" filename="com/datasciencebox/editor/ChartView.java" line-rate="0.0" branch-rate="1.0" complexity="0.0">
					<methods>
						<method name="&lt;init&gt;" signature="()V" line-rate="0.0" branch-rate="1.0">
							<lines>
								<line number="14" hits="0" branch="false"/>
							</lines>
						</method>
						<method name="createAnimatedModels" signature="()V" line-rate="0.0" branch-rate="1.0">
							<lines>
								<line number="37" hits="0" branch="false"/>
								<line number="45" hits="0" branch="false"/>
								<line number="52" hits="0" branch="false"/>
							</lines>
						</method>
						<method name="getAnimatedModel1" signature="()Lorg/primefaces/model/chart/LineChartModel;" line-rate="0.0" branch-rate="1.0">
							<lines>
								<line number="29" hits="0" branch="false"/>
							</lines>
						</method>
						<method name="getAnimatedModel2" signature="()Lorg/primefaces/model/chart/BarChartModel;" line-rate="0.0" branch-rate="1.0">
							<lines>
								<line number="33" hits="0" branch="false"/>
							</lines>
						</method>
						<method name="init" signature="()V" line-rate="0.0" branch-rate="1.0">
							<lines>
								<line number="25" hits="0" branch="false"/>
								<line number="26" hits="0" branch="false"/>
							</lines>
						</method>
						<method name="initBarModel" signature="()Lorg/primefaces/model/chart/BarChartModel;" line-rate="0.0" branch-rate="1.0">
							<lines>
								<line number="55" hits="0" branch="false"/>
								<line number="57" hits="0" branch="false"/>
								<line number="58" hits="0" branch="false"/>
								<line number="59" hits="0" branch="false"/>
								<line number="60" hits="0" branch="false"/>
								<line number="61" hits="0" branch="false"/>
								<line number="62" hits="0" branch="false"/>
								<line number="63" hits="0" branch="false"/>
								<line number="65" hits="0" branch="false"/>
								<line number="66" hits="0" branch="false"/>
								<line number="67" hits="0" branch="false"/>
								<line number="68" hits="0" branch="false"/>
								<line number="69" hits="0" branch="false"/>
								<line number="70" hits="0" branch="false"/>
								<line number="71" hits="0" branch="false"/>
								<line number="73" hits="0" branch="false"/>
								<line number="74" hits="0" branch="false"/>
								<line number="76" hits="0" branch="false"/>
							</lines>
						</method>
						<method name="initLinearModel" signature="()Lorg/primefaces/model/chart/LineChartModel;" line-rate="0.0" branch-rate="1.0">
							<lines>
								<line number="80" hits="0" branch="false"/>
								<line number="82" hits="0" branch="false"/>
								<line number="83" hits="0" branch="false"/>
								<line number="85" hits="0" branch="false"/>
								<line number="86" hits="0" branch="false"/>
								<line number="87" hits="0" branch="false"/>
								<line number="88" hits="0" branch="false"/>
								<line number="89" hits="0" branch="false"/>
								<line number="91" hits="0" branch="false"/>
								<line number="92" hits="0" branch="false"/>
								<line number="94" hits="0" branch="false"/>
								<line number="95" hits="0" branch="false"/>
								<line number="96" hits="0" branch="false"/>
								<line number="97" hits="0" branch="false"/>
								<line number="98" hits="0" branch="false"/>
								<line number="100" hits="0" branch="false"/>
								<line number="101" hits="0" branch="false"/>
								<line number="103" hits="0" branch="false"/>
							</lines>
						</method>
					</methods>
					<lines>
						<line number="14" hits="0" branch="false"/>
						<line number="25" hits="0" branch="false"/>
						<line number="26" hits="0" branch="false"/>
						<line number="29" hits="0" branch="false"/>
						<line number="33" hits="0" branch="false"/>
						<line number="37" hits="0" branch="false"/>
						<line number="45" hits="0" branch="false"/>
						<line number="52" hits="0" branch="false"/>
						<line number="55" hits="0" branch="false"/>
						<line number="57" hits="0" branch="false"/>
						<line number="58" hits="0" branch="false"/>
						<line number="59" hits="0" branch="false"/>
						<line number="60" hits="0" branch="false"/>
						<line number="61" hits="0" branch="false"/>
						<line number="62" hits="0" branch="false"/>
						<line number="63" hits="0" branch="false"/>
						<line number="65" hits="0" branch="false"/>
						<line number="66" hits="0" branch="false"/>
						<line number="67" hits="0" branch="false"/>
						<line number="68" hits="0" branch="false"/>
						<line number="69" hits="0" branch="false"/>
						<line number="70" hits="0" branch="false"/>
						<line number="71" hits="0" branch="false"/>
						<line number="73" hits="0" branch="false"/>
						<line number="74" hits="0" branch="false"/>
						<line number="76" hits="0" branch="false"/>
						<line number="80" hits="0" branch="false"/>
						<line number="82" hits="0" branch="false"/>
						<line number="83" hits="0" branch="false"/>
						<line number="85" hits="0" branch="false"/>
						<line number="86" hits="0" branch="false"/>
						<line number="87" hits="0" branch="false"/>
						<line number="88" hits="0" branch="false"/>
						<line number="89" hits="0" branch="false"/>
						<line number="91" hits="0" branch="false"/>
						<line number="92" hits="0" branch="false"/>
						<line number="94" hits="0" branch="false"/>
						<line number="95" hits="0" branch="false"/>
						<line number="96" hits="0" branch="false"/>
						<line number="97" hits="0" branch="false"/>
						<line number="98" hits="0" branch="false"/>
						<line number="100" hits="0" branch="false"/>
						<line number="101" hits="0" branch="false"/>
						<line number="103" hits="0" branch="false"/>
					</lines>
				</class>
				<class name="com.datasciencebox.editor.CounterView" filename="com/datasciencebox/editor/CounterView.java" line-rate="0.0" branch-rate="1.0" complexity="0.0">
					<methods>
						<method name="&lt;init&gt;" signature="()V" line-rate="0.0" branch-rate="1.0">
							<lines>
								<line number="9" hits="0" branch="false"/>
							</lines>
						</method>
						<method name="getNumber" signature="()I" line-rate="0.0" branch-rate="1.0">
							<lines>
								<line number="14" hits="0" branch="false"/>
							</lines>
						</method>
						<method name="increment" signature="()V" line-rate="0.0" branch-rate="1.0">
							<lines>
								<line number="18" hits="0" branch="false"/>
								<line number="19" hits="0" branch="false"/>
							</lines>
						</method>
					</methods>
					<lines>
						<line number="9" hits="0" branch="false"/>
						<line number="14" hits="0" branch="false"/>
						<line number="18" hits="0" branch="false"/>
						<line number="19" hits="0" branch="false"/>
					</lines>
				</class>
				<class name="com.datasciencebox.editor.DashboardView" filename="com/datasciencebox/editor/DashboardView.java" line-rate="0.0" branch-rate="1.0" complexity="0.0">
					<methods>
						<method name="&lt;init&gt;" signature="()V" line-rate="0.0" branch-rate="1.0">
							<lines>
								<line number="20" hits="0" branch="false"/>
							</lines>
						</method>
						<method name="addMessage" signature="(Ljavax/faces/application/FacesMessage;)V" line-rate="0.0" branch-rate="1.0">
							<lines>
								<line number="66" hits="0" branch="false"/>
								<line number="67" hits="0" branch="false"/>
							</lines>
						</method>
						<method name="getModel" signature="()Lorg/primefaces/model/DashboardModel;" line-rate="0.0" branch-rate="1.0">
							<lines>
								<line number="70" hits="0" branch="false"/>
							</lines>
						</method>
						<method name="handleClose" signature="(Lorg/primefaces/event/CloseEvent;)V" line-rate="0.0" branch-rate="1.0">
							<lines>
								<line number="54" hits="0" branch="false"/>
								<line number="56" hits="0" branch="false"/>
								<line number="57" hits="0" branch="false"/>
							</lines>
						</method>
						<method name="handleReorder" signature="(Lorg/primefaces/event/DashboardReorderEvent;)V" line-rate="0.0" branch-rate="1.0">
							<lines>
								<line number="45" hits="0" branch="false"/>
								<line number="46" hits="0" branch="false"/>
								<line number="47" hits="0" branch="false"/>
								<line number="48" hits="0" branch="false"/>
								<line number="50" hits="0" branch="false"/>
								<line number="51" hits="0" branch="false"/>
							</lines>
						</method>
						<method name="handleToggle" signature="(Lorg/primefaces/event/ToggleEvent;)V" line-rate="0.0" branch-rate="1.0">
							<lines>
								<line number="60" hits="0" branch="false"/>
								<line number="62" hits="0" branch="false"/>
								<line number="63" hits="0" branch="false"/>
							</lines>
						</method>
						<method name="init" signature="()V" line-rate="0.0" branch-rate="1.0">
							<lines>
								<line number="26" hits="0" branch="false"/>
								<line number="27" hits="0" branch="false"/>
								<line number="28" hits="0" branch="false"/>
								<line number="29" hits="0" branch="false"/>
								<line number="31" hits="0" branch="false"/>
								<line number="32" hits="0" branch="false"/>
								<line number="34" hits="0" branch="false"/>
								<line number="35" hits="0" branch="false"/>
								<line number="37" hits="0" branch="false"/>
								<line number="39" hits="0" branch="false"/>
								<line number="40" hits="0" branch="false"/>
								<line number="41" hits="0" branch="false"/>
								<line number="42" hits="0" branch="false"/>
							</lines>
						</method>
					</methods>
					<lines>
						<line number="20" hits="0" branch="false"/>
						<line number="26" hits="0" branch="false"/>
						<line number="27" hits="0" branch="false"/>
						<line number="28" hits="0" branch="false"/>
						<line number="29" hits="0" branch="false"/>
						<line number="31" hits="0" branch="false"/>
						<line number="32" hits="0" branch="false"/>
						<line number="34" hits="0" branch="false"/>
						<line number="35" hits="0" branch="false"/>
						<line number="37" hits="0" branch="false"/>
						<line number="39" hits="0" branch="false"/>
						<line number="40" hits="0" branch="false"/>
						<line number="41" hits="0" branch="false"/>
						<line number="42" hits="0" branch="false"/>
						<line number="45" hits="0" branch="false"/>
						<line number="46" hits="0" branch="false"/>
						<line number="47" hits="0" branch="false"/>
						<line number="48" hits="0" branch="false"/>
						<line number="50" hits="0" branch="false"/>
						<line number="51" hits="0" branch="false"/>
						<line number="54" hits="0" branch="false"/>
						<line number="56" hits="0" branch="false"/>
						<line number="57" hits="0" branch="false"/>
						<line number="60" hits="0" branch="false"/>
						<line number="62" hits="0" branch="false"/>
						<line number="63" hits="0" branch="false"/>
						<line number="66" hits="0" branch="false"/>
						<line number="67" hits="0" branch="false"/>
						<line number="70" hits="0" branch="false"/>
					</lines>
				</class>
				<class name="com.datasciencebox.editor.DropdownView" filename="com/datasciencebox/editor/DropdownView.java" line-rate="0.0" branch-rate="0.0" complexity="0.0">
					<methods>
						<method name="&lt;init&gt;" signature="()V" line-rate="0.0" branch-rate="1.0">
							<lines>
								<line number="29" hits="0" branch="false"/>
								<line number="31" hits="0" branch="false"/>
							</lines>
						</method>
						<method name="createUI" signature="()V" line-rate="0.0" branch-rate="0.0">
							<lines>
								<line number="135" hits="0" branch="true" condition-coverage="0% (0/2)">
									<conditions>
										<condition number="0" type="jump" coverage="0%"/>
									</conditions>
								</line>
								<line number="136" hits="0" branch="false"/>
								<line number="137" hits="0" branch="false"/>
								<line number="138" hits="0" branch="false"/>
								<line number="139" hits="0" branch="false"/>
								<line number="142" hits="0" branch="false"/>
							</lines>
						</method>
						<method name="displayLocation" signature="()V" line-rate="0.0" branch-rate="0.0">
							<lines>
								<line number="101" hits="0" branch="true" condition-coverage="0% (0/4)">
									<conditions>
										<condition number="0" type="jump" coverage="0%"/>
										<condition number="1" type="jump" coverage="0%"/>
									</conditions>
								</line>
								<line number="102" hits="0" branch="false"/>
								<line number="104" hits="0" branch="false"/>
								<line number="105" hits="0" branch="false"/>
								<line number="107" hits="0" branch="false"/>
								<line number="109" hits="0" branch="false"/>
								<line number="110" hits="0" branch="false"/>
								<line number="111" hits="0" branch="false"/>
							</lines>
						</method>
						<method name="findComponent" signature="(Ljava/lang/String;)Ljavax/faces/component/UIComponent;" line-rate="0.0" branch-rate="1.0">
							<lines>
								<line number="146" hits="0" branch="false"/>
								<line number="147" hits="0" branch="false"/>
								<line number="148" hits="0" branch="false"/>
								<line number="150" hits="0" branch="false"/>
								<line number="161" hits="0" branch="false"/>
							</lines>
						</method>
						<method name="getCities" signature="()Ljava/util/Map;" line-rate="0.0" branch-rate="1.0">
							<lines>
								<line number="89" hits="0" branch="false"/>
							</lines>
						</method>
						<method name="getCity" signature="()Ljava/lang/String;" line-rate="0.0" branch-rate="1.0">
							<lines>
								<line number="77" hits="0" branch="false"/>
							</lines>
						</method>
						<method name="getCountries" signature="()Ljava/util/Map;" line-rate="0.0" branch-rate="1.0">
							<lines>
								<line number="85" hits="0" branch="false"/>
							</lines>
						</method>
						<method name="getCountry" signature="()Ljava/lang/String;" line-rate="0.0" branch-rate="1.0">
							<lines>
								<line number="69" hits="0" branch="false"/>
							</lines>
						</method>
						<method name="getData" signature="()Ljava/util/Map;" line-rate="0.0" branch-rate="1.0">
							<lines>
								<line number="65" hits="0" branch="false"/>
							</lines>
						</method>
						<method name="getPanel" signature="()Lorg/primefaces/component/outputpanel/OutputPanel;" line-rate="0.0" branch-rate="1.0">
							<lines>
								<line number="115" hits="0" branch="false"/>
							</lines>
						</method>
						<method name="init" signature="()V" line-rate="0.0" branch-rate="1.0">
							<lines>
								<line number="40" hits="0" branch="false"/>
								<line number="41" hits="0" branch="false"/>
								<line number="42" hits="0" branch="false"/>
								<line number="43" hits="0" branch="false"/>
								<line number="45" hits="0" branch="false"/>
								<line number="46" hits="0" branch="false"/>
								<line number="47" hits="0" branch="false"/>
								<line number="48" hits="0" branch="false"/>
								<line number="49" hits="0" branch="false"/>
								<line number="51" hits="0" branch="false"/>
								<line number="52" hits="0" branch="false"/>
								<line number="53" hits="0" branch="false"/>
								<line number="54" hits="0" branch="false"/>
								<line number="55" hits="0" branch="false"/>
								<line number="57" hits="0" branch="false"/>
								<line number="58" hits="0" branch="false"/>
								<line number="59" hits="0" branch="false"/>
								<line number="60" hits="0" branch="false"/>
								<line number="61" hits="0" branch="false"/>
								<line number="62" hits="0" branch="false"/>
							</lines>
						</method>
						<method name="onCountryChange" signature="()V" line-rate="0.0" branch-rate="0.0">
							<lines>
								<line number="93" hits="0" branch="true" condition-coverage="0% (0/4)">
									<conditions>
										<condition number="0" type="jump" coverage="0%"/>
										<condition number="1" type="jump" coverage="0%"/>
									</conditions>
								</line>
								<line number="94" hits="0" branch="false"/>
								<line number="96" hits="0" branch="false"/>
								<line number="97" hits="0" branch="false"/>
							</lines>
						</method>
						<method name="setCity" signature="(Ljava/lang/String;)V" line-rate="0.0" branch-rate="1.0">
							<lines>
								<line number="81" hits="0" branch="false"/>
								<line number="82" hits="0" branch="false"/>
							</lines>
						</method>
						<method name="setCountry" signature="(Ljava/lang/String;)V" line-rate="0.0" branch-rate="1.0">
							<lines>
								<line number="73" hits="0" branch="false"/>
								<line number="74" hits="0" branch="false"/>
							</lines>
						</method>
						<method name="setPanel" signature="(Lorg/primefaces/component/outputpanel/OutputPanel;)V" line-rate="0.0" branch-rate="0.0">
							<lines>
								<line number="120" hits="0" branch="false"/>
								<line number="121" hits="0" branch="true" condition-coverage="0% (0/2)">
									<conditions>
										<condition number="0" type="jump" coverage="0%"/>
									</conditions>
								</line>
								<line number="122" hits="0" branch="true" condition-coverage="0% (0/2)">
									<conditions>
										<condition number="0" type="jump" coverage="0%"/>
									</conditions>
								</line>
								<line number="123" hits="0" branch="false"/>
								<line number="124" hits="0" branch="false"/>
								<line number="125" hits="0" branch="false"/>
								<line number="126" hits="0" branch="false"/>
								<line number="127" hits="0" branch="false"/>
								<line number="128" hits="0" branch="false"/>
								<line number="129" hits="0" branch="false"/>
								<line number="132" hits="0" branch="false"/>
							</lines>
						</method>
					</methods>
					<lines>
						<line number="29" hits="0" branch="false"/>
						<line number="31" hits="0" branch="false"/>
						<line number="40" hits="0" branch="false"/>
						<line number="41" hits="0" branch="false"/>
						<line number="42" hits="0" branch="false"/>
						<line number="43" hits="0" branch="false"/>
						<line number="45" hits="0" branch="false"/>
						<line number="46" hits="0" branch="false"/>
						<line number="47" hits="0" branch="false"/>
						<line number="48" hits="0" branch="false"/>
						<line number="49" hits="0" branch="false"/>
						<line number="51" hits="0" branch="false"/>
						<line number="52" hits="0" branch="false"/>
						<line number="53" hits="0" branch="false"/>
						<line number="54" hits="0" branch="false"/>
						<line number="55" hits="0" branch="false"/>
						<line number="57" hits="0" branch="false"/>
						<line number="58" hits="0" branch="false"/>
						<line number="59" hits="0" branch="false"/>
						<line number="60" hits="0" branch="false"/>
						<line number="61" hits="0" branch="false"/>
						<line number="62" hits="0" branch="false"/>
						<line number="65" hits="0" branch="false"/>
						<line number="69" hits="0" branch="false"/>
						<line number="73" hits="0" branch="false"/>
						<line number="74" hits="0" branch="false"/>
						<line number="77" hits="0" branch="false"/>
						<line number="81" hits="0" branch="false"/>
						<line number="82" hits="0" branch="false"/>
						<line number="85" hits="0" branch="false"/>
						<line number="89" hits="0" branch="false"/>
						<line number="93" hits="0" branch="true" condition-coverage="0% (0/4)">
							<conditions>
								<condition number="0" type="jump" coverage="0%"/>
								<condition number="1" type="jump" coverage="0%"/>
							</conditions>
						</line>
						<line number="94" hits="0" branch="false"/>
						<line number="96" hits="0" branch="false"/>
						<line number="97" hits="0" branch="false"/>
						<line number="101" hits="0" branch="true" condition-coverage="0% (0/4)">
							<conditions>
								<condition number="0" type="jump" coverage="0%"/>
								<condition number="1" type="jump" coverage="0%"/>
							</conditions>
						</line>
						<line number="102" hits="0" branch="false"/>
						<line number="104" hits="0" branch="false"/>
						<line number="105" hits="0" branch="false"/>
						<line number="107" hits="0" branch="false"/>
						<line number="109" hits="0" branch="false"/>
						<line number="110" hits="0" branch="false"/>
						<line number="111" hits="0" branch="false"/>
						<line number="115" hits="0" branch="false"/>
						<line number="120" hits="0" branch="false"/>
						<line number="121" hits="0" branch="true" condition-coverage="0% (0/2)">
							<conditions>
								<condition number="0" type="jump" coverage="0%"/>
							</conditions>
						</line>
						<line number="122" hits="0" branch="true" condition-coverage="0% (0/2)">
							<conditions>
								<condition number="0" type="jump" coverage="0%"/>
							</conditions>
						</line>
						<line number="123" hits="0" branch="false"/>
						<line number="124" hits="0" branch="false"/>
						<line number="125" hits="0" branch="false"/>
						<line number="126" hits="0" branch="false"/>
						<line number="127" hits="0" branch="false"/>
						<line number="128" hits="0" branch="false"/>
						<line number="129" hits="0" branch="false"/>
						<line number="132" hits="0" branch="false"/>
						<line number="135" hits="0" branch="true" condition-coverage="0% (0/2)">
							<conditions>
								<condition number="0" type="jump" coverage="0%"/>
							</conditions>
						</line>
						<line number="136" hits="0" branch="false"/>
						<line number="137" hits="0" branch="false"/>
						<line number="138" hits="0" branch="false"/>
						<line number="139" hits="0" branch="false"/>
						<line number="142" hits="0" branch="false"/>
						<line number="146" hits="0" branch="false"/>
						<line number="147" hits="0" branch="false"/>
						<line number="148" hits="0" branch="false"/>
						<line number="150" hits="0" branch="false"/>
						<line number="161" hits="0" branch="false"/>
					</lines>
				</class>
				<class name="com.datasciencebox.editor.DropdownView$1" filename="com/datasciencebox/editor/DropdownView.java" line-rate="0.0" branch-rate="0.0" complexity="0.0">
					<methods>
						<method name="&lt;init&gt;" signature="(Lcom/datasciencebox/editor/DropdownView;Ljava/lang/String;[Ljavax/faces/component/UIComponent;)V" line-rate="0.0" branch-rate="1.0">
							<lines>
								<line number="1" hits="0" branch="false"/>
								<line number="150" hits="0" branch="false"/>
							</lines>
						</method>
						<method name="visit" signature="(Ljavax/faces/component/visit/VisitContext;Ljavax/faces/component/UIComponent;)Ljavax/faces/component/visit/VisitResult;" line-rate="0.0" branch-rate="0.0">
							<lines>
								<line number="153" hits="0" branch="true" condition-coverage="0% (0/6)">
									<conditions>
										<condition number="0" type="jump" coverage="0%"/>
										<condition number="1" type="jump" coverage="0%"/>
										<condition number="2" type="jump" coverage="0%"/>
									</conditions>
								</line>
								<line number="154" hits="0" branch="false"/>
								<line number="155" hits="0" branch="false"/>
								<line number="157" hits="0" branch="false"/>
							</lines>
						</method>
					</methods>
					<lines>
						<line number="1" hits="0" branch="false"/>
						<line number="150" hits="0" branch="false"/>
						<line number="153" hits="0" branch="true" condition-coverage="0% (0/6)">
							<conditions>
								<condition number="0" type="jump" coverage="0%"/>
								<condition number="1" type="jump" coverage="0%"/>
								<condition number="2" type="jump" coverage="0%"/>
							</conditions>
						</line>
						<line number="154" hits="0" branch="false"/>
						<line number="155" hits="0" branch="false"/>
						<line number="157" hits="0" branch="false"/>
					</lines>
				</class>
				<class name="com.datasciencebox.editor.EditorBean" filename="com/datasciencebox/editor/EditorBean.java" line-rate="0.0" branch-rate="1.0" complexity="0.0">
					<methods>
						<method name="&lt;init&gt;" signature="()V" line-rate="0.0" branch-rate="1.0">
							<lines>
								<line number="6" hits="0" branch="false"/>
								<line number="8" hits="0" branch="false"/>
							</lines>
						</method>
						<method name="getValue" signature="()Ljava/lang/String;" line-rate="0.0" branch-rate="1.0">
							<lines>
								<line number="11" hits="0" branch="false"/>
							</lines>
						</method>
						<method name="setValue" signature="(Ljava/lang/String;)V" line-rate="0.0" branch-rate="1.0">
							<lines>
								<line number="15" hits="0" branch="false"/>
								<line number="16" hits="0" branch="false"/>
							</lines>
						</method>
					</methods>
					<lines>
						<line number="6" hits="0" branch="false"/>
						<line number="8" hits="0" branch="false"/>
						<line number="11" hits="0" branch="false"/>
						<line number="15" hits="0" branch="false"/>
						<line number="16" hits="0" branch="false"/>
					</lines>
				</class>
				<class name="com.datasciencebox.editor.FileUploadView" filename="com/datasciencebox/editor/FileUploadView.java" line-rate="0.0" branch-rate="0.0" complexity="0.0">
					<methods>
						<method name="&lt;init&gt;" signature="()V" line-rate="0.0" branch-rate="1.0">
							<lines>
								<line number="11" hits="0" branch="false"/>
							</lines>
						</method>
						<method name="getFile" signature="()Lorg/primefaces/model/UploadedFile;" line-rate="0.0" branch-rate="1.0">
							<lines>
								<line number="16" hits="0" branch="false"/>
							</lines>
						</method>
						<method name="setFile" signature="(Lorg/primefaces/model/UploadedFile;)V" line-rate="0.0" branch-rate="1.0">
							<lines>
								<line number="20" hits="0" branch="false"/>
								<line number="21" hits="0" branch="false"/>
							</lines>
						</method>
						<method name="upload" signature="()V" line-rate="0.0" branch-rate="0.0">
							<lines>
								<line number="24" hits="0" branch="true" condition-coverage="0% (0/2)">
									<conditions>
										<condition number="0" type="jump" coverage="0%"/>
									</conditions>
								</line>
								<line number="25" hits="0" branch="false"/>
								<line number="26" hits="0" branch="false"/>
								<line number="28" hits="0" branch="false"/>
							</lines>
						</method>
					</methods>
					<lines>
						<line number="11" hits="0" branch="false"/>
						<line number="16" hits="0" branch="false"/>
						<line number="20" hits="0" branch="false"/>
						<line number="21" hits="0" branch="false"/>
						<line number="24" hits="0" branch="true" condition-coverage="0% (0/2)">
							<conditions>
								<condition number="0" type="jump" coverage="0%"/>
							</conditions>
						</line>
						<line number="25" hits="0" branch="false"/>
						<line number="26" hits="0" branch="false"/>
						<line number="28" hits="0" branch="false"/>
					</lines>
				</class>
				<class name="com.datasciencebox.editor.ListenerView" filename="com/datasciencebox/editor/ListenerView.java" line-rate="0.0" branch-rate="1.0" complexity="0.0">
					<methods>
						<method name="&lt;init&gt;" signature="()V" line-rate="0.0" branch-rate="1.0">
							<lines>
								<line number="6" hits="0" branch="false"/>
							</lines>
						</method>
						<method name="getText" signature="()Ljava/lang/String;" line-rate="0.0" branch-rate="1.0">
							<lines>
								<line number="11" hits="0" branch="false"/>
							</lines>
						</method>
						<method name="handleKeyEvent" signature="()V" line-rate="0.0" branch-rate="1.0">
							<lines>
								<line number="18" hits="0" branch="false"/>
								<line number="19" hits="0" branch="false"/>
							</lines>
						</method>
						<method name="setText" signature="(Ljava/lang/String;)V" line-rate="0.0" branch-rate="1.0">
							<lines>
								<line number="14" hits="0" branch="false"/>
								<line number="15" hits="0" branch="false"/>
							</lines>
						</method>
					</methods>
					<lines>
						<line number="6" hits="0" branch="false"/>
						<line number="11" hits="0" branch="false"/>
						<line number="14" hits="0" branch="false"/>
						<line number="15" hits="0" branch="false"/>
						<line number="18" hits="0" branch="false"/>
						<line number="19" hits="0" branch="false"/>
					</lines>
				</class>
				<class name="com.datasciencebox.editor.MindmapView" filename="com/datasciencebox/editor/MindmapView.java" line-rate="0.0" branch-rate="0.0" complexity="0.0">
					<methods>
						<method name="&lt;init&gt;" signature="()V" line-rate="0.0" branch-rate="1.0">
							<lines>
								<line number="18" hits="0" branch="false"/>
								<line number="19" hits="0" branch="false"/>
								<line number="21" hits="0" branch="false"/>
								<line number="22" hits="0" branch="false"/>
								<line number="23" hits="0" branch="false"/>
								<line number="25" hits="0" branch="false"/>
								<line number="26" hits="0" branch="false"/>
								<line number="27" hits="0" branch="false"/>
								<line number="28" hits="0" branch="false"/>
							</lines>
						</method>
						<method name="getRoot" signature="()Lorg/primefaces/model/mindmap/MindmapNode;" line-rate="0.0" branch-rate="1.0">
							<lines>
								<line number="31" hits="0" branch="false"/>
							</lines>
						</method>
						<method name="getSelectedNode" signature="()Lorg/primefaces/model/mindmap/MindmapNode;" line-rate="0.0" branch-rate="1.0">
							<lines>
								<line number="35" hits="0" branch="false"/>
							</lines>
						</method>
						<method name="onNodeDblselect" signature="(Lorg/primefaces/event/SelectEvent;)V" line-rate="0.0" branch-rate="1.0">
							<lines>
								<line number="68" hits="0" branch="false"/>
								<line number="69" hits="0" branch="false"/>
							</lines>
						</method>
						<method name="onNodeSelect" signature="(Lorg/primefaces/event/SelectEvent;)V" line-rate="0.0" branch-rate="0.0">
							<lines>
								<line number="42" hits="0" branch="false"/>
								<line number="45" hits="0" branch="true" condition-coverage="0% (0/2)">
									<conditions>
										<condition number="0" type="jump" coverage="0%"/>
									</conditions>
								</line>
								<line number="46" hits="0" branch="false"/>
								<line number="48" hits="0" branch="true" condition-coverage="0% (0/2)">
									<conditions>
										<condition number="0" type="jump" coverage="0%"/>
									</conditions>
								</line>
								<line number="49" hits="0" branch="true" condition-coverage="0% (0/2)">
									<conditions>
										<condition number="0" type="jump" coverage="0%"/>
									</conditions>
								</line>
								<line number="50" hits="0" branch="false"/>
								<line number="52" hits="0" branch="false"/>
								<line number="53" hits="0" branch="true" condition-coverage="0% (0/2)">
									<conditions>
										<condition number="0" type="jump" coverage="0%"/>
									</conditions>
								</line>
								<line number="54" hits="0" branch="true" condition-coverage="0% (0/2)">
									<conditions>
										<condition number="0" type="jump" coverage="0%"/>
									</conditions>
								</line>
								<line number="55" hits="0" branch="false"/>
								<line number="57" hits="0" branch="false"/>
								<line number="58" hits="0" branch="true" condition-coverage="0% (0/2)">
									<conditions>
										<condition number="0" type="jump" coverage="0%"/>
									</conditions>
								</line>
								<line number="59" hits="0" branch="true" condition-coverage="0% (0/2)">
									<conditions>
										<condition number="0" type="jump" coverage="0%"/>
									</conditions>
								</line>
								<line number="60" hits="0" branch="false"/>
								<line number="61" hits="0" branch="false"/>
								<line number="65" hits="0" branch="false"/>
							</lines>
						</method>
						<method name="setSelectedNode" signature="(Lorg/primefaces/model/mindmap/MindmapNode;)V" line-rate="0.0" branch-rate="1.0">
							<lines>
								<line number="38" hits="0" branch="false"/>
								<line number="39" hits="0" branch="false"/>
							</lines>
						</method>
					</methods>
					<lines>
						<line number="18" hits="0" branch="false"/>
						<line number="19" hits="0" branch="false"/>
						<line number="21" hits="0" branch="false"/>
						<line number="22" hits="0" branch="false"/>
						<line number="23" hits="0" branch="false"/>
						<line number="25" hits="0" branch="false"/>
						<line number="26" hits="0" branch="false"/>
						<line number="27" hits="0" branch="false"/>
						<line number="28" hits="0" branch="false"/>
						<line number="31" hits="0" branch="false"/>
						<line number="35" hits="0" branch="false"/>
						<line number="38" hits="0" branch="false"/>
						<line number="39" hits="0" branch="false"/>
						<line number="42" hits="0" branch="false"/>
						<line number="45" hits="0" branch="true" condition-coverage="0% (0/2)">
							<conditions>
								<condition number="0" type="jump" coverage="0%"/>
							</conditions>
						</line>
						<line number="46" hits="0" branch="false"/>
						<line number="48" hits="0" branch="true" condition-coverage="0% (0/2)">
							<conditions>
								<condition number="0" type="jump" coverage="0%"/>
							</conditions>
						</line>
						<line number="49" hits="0" branch="true" condition-coverage="0% (0/2)">
							<conditions>
								<condition number="0" type="jump" coverage="0%"/>
							</conditions>
						</line>
						<line number="50" hits="0" branch="false"/>
						<line number="52" hits="0" branch="false"/>
						<line number="53" hits="0" branch="true" condition-coverage="0% (0/2)">
							<conditions>
								<condition number="0" type="jump" coverage="0%"/>
							</conditions>
						</line>
						<line number="54" hits="0" branch="true" condition-coverage="0% (0/2)">
							<conditions>
								<condition number="0" type="jump" coverage="0%"/>
							</conditions>
						</line>
						<line number="55" hits="0" branch="false"/>
						<line number="57" hits="0" branch="false"/>
						<line number="58" hits="0" branch="true" condition-coverage="0% (0/2)">
							<conditions>
								<condition number="0" type="jump" coverage="0%"/>
							</conditions>
						</line>
						<line number="59" hits="0" branch="true" condition-coverage="0% (0/2)">
							<conditions>
								<condition number="0" type="jump" coverage="0%"/>
							</conditions>
						</line>
						<line number="60" hits="0" branch="false"/>
						<line number="61" hits="0" branch="false"/>
						<line number="65" hits="0" branch="false"/>
						<line number="68" hits="0" branch="false"/>
						<line number="69" hits="0" branch="false"/>
					</lines>
				</class>
				<class name="com.datasciencebox.editor.RatingView" filename="com/datasciencebox/editor/RatingView.java" line-rate="0.0" branch-rate="1.0" complexity="0.0">
					<methods>
						<method name="&lt;init&gt;" signature="()V" line-rate="0.0" branch-rate="1.0">
							<lines>
								<line number="10" hits="0" branch="false"/>
								<line number="15" hits="0" branch="false"/>
							</lines>
						</method>
						<method name="getRating1" signature="()Ljava/lang/Integer;" line-rate="0.0" branch-rate="1.0">
							<lines>
								<line number="28" hits="0" branch="false"/>
							</lines>
						</method>
						<method name="getRating2" signature="()Ljava/lang/Integer;" line-rate="0.0" branch-rate="1.0">
							<lines>
								<line number="36" hits="0" branch="false"/>
							</lines>
						</method>
						<method name="getRating3" signature="()Ljava/lang/Integer;" line-rate="0.0" branch-rate="1.0">
							<lines>
								<line number="44" hits="0" branch="false"/>
							</lines>
						</method>
						<method name="getRating4" signature="()Ljava/lang/Integer;" line-rate="0.0" branch-rate="1.0">
							<lines>
								<line number="52" hits="0" branch="false"/>
							</lines>
						</method>
						<method name="oncancel" signature="()V" line-rate="0.0" branch-rate="1.0">
							<lines>
								<line number="23" hits="0" branch="false"/>
								<line number="24" hits="0" branch="false"/>
								<line number="25" hits="0" branch="false"/>
							</lines>
						</method>
						<method name="onrate" signature="(Lorg/primefaces/event/RateEvent;)V" line-rate="0.0" branch-rate="1.0">
							<lines>
								<line number="18" hits="0" branch="false"/>
								<line number="19" hits="0" branch="false"/>
								<line number="20" hits="0" branch="false"/>
							</lines>
						</method>
						<method name="setRating1" signature="(Ljava/lang/Integer;)V" line-rate="0.0" branch-rate="1.0">
							<lines>
								<line number="32" hits="0" branch="false"/>
								<line number="33" hits="0" branch="false"/>
							</lines>
						</method>
						<method name="setRating2" signature="(Ljava/lang/Integer;)V" line-rate="0.0" branch-rate="1.0">
							<lines>
								<line number="40" hits="0" branch="false"/>
								<line number="41" hits="0" branch="false"/>
							</lines>
						</method>
						<method name="setRating3" signature="(Ljava/lang/Integer;)V" line-rate="0.0" branch-rate="1.0">
							<lines>
								<line number="48" hits="0" branch="false"/>
								<line number="49" hits="0" branch="false"/>
							</lines>
						</method>
						<method name="setRating4" signature="(Ljava/lang/Integer;)V" line-rate="0.0" branch-rate="1.0">
							<lines>
								<line number="56" hits="0" branch="false"/>
								<line number="57" hits="0" branch="false"/>
							</lines>
						</method>
					</methods>
					<lines>
						<line number="10" hits="0" branch="false"/>
						<line number="15" hits="0" branch="false"/>
						<line number="18" hits="0" branch="false"/>
						<line number="19" hits="0" branch="false"/>
						<line number="20" hits="0" branch="false"/>
						<line number="23" hits="0" branch="false"/>
						<line number="24" hits="0" branch="false"/>
						<line number="25" hits="0" branch="false"/>
						<line number="28" hits="0" branch="false"/>
						<line number="32" hits="0" branch="false"/>
						<line number="33" hits="0" branch="false"/>
						<line number="36" hits="0" branch="false"/>
						<line number="40" hits="0" branch="false"/>
						<line number="41" hits="0" branch="false"/>
						<line number="44" hits="0" branch="false"/>
						<line number="48" hits="0" branch="false"/>
						<line number="49" hits="0" branch="false"/>
						<line number="52" hits="0" branch="false"/>
						<line number="56" hits="0" branch="false"/>
						<line number="57" hits="0" branch="false"/>
					</lines>
				</class>
				<class name="com.datasciencebox.editor.User" filename="com/datasciencebox/editor/User.java" line-rate="0.0" branch-rate="1.0" complexity="1.0">
					<methods>
						<method name="&lt;init&gt;" signature="()V" line-rate="0.0" branch-rate="1.0">
							<lines>
								<line number="5" hits="0" branch="false"/>
							</lines>
						</method>
						<method name="getAge" signature="()Ljava/lang/Integer;" line-rate="0.0" branch-rate="1.0">
							<lines>
								<line number="42" hits="0" branch="false"/>
							</lines>
						</method>
						<method name="getCity" signature="()Ljava/lang/String;" line-rate="0.0" branch-rate="1.0">
							<lines>
								<line number="58" hits="0" branch="false"/>
							</lines>
						</method>
						<method name="getEmail" signature="()Ljava/lang/String;" line-rate="0.0" branch-rate="1.0">
							<lines>
								<line number="82" hits="0" branch="false"/>
							</lines>
						</method>
						<method name="getFirstname" signature="()Ljava/lang/String;" line-rate="0.0" branch-rate="1.0">
							<lines>
								<line number="26" hits="0" branch="false"/>
							</lines>
						</method>
						<method name="getInfo" signature="()Ljava/lang/String;" line-rate="0.0" branch-rate="1.0">
							<lines>
								<line number="74" hits="0" branch="false"/>
							</lines>
						</method>
						<method name="getLastname" signature="()Ljava/lang/String;" line-rate="0.0" branch-rate="1.0">
							<lines>
								<line number="34" hits="0" branch="false"/>
							</lines>
						</method>
						<method name="getPhone" signature="()Ljava/lang/String;" line-rate="0.0" branch-rate="1.0">
							<lines>
								<line number="90" hits="0" branch="false"/>
							</lines>
						</method>
						<method name="getPostalCode" signature="()Ljava/lang/String;" line-rate="0.0" branch-rate="1.0">
							<lines>
								<line number="66" hits="0" branch="false"/>
							</lines>
						</method>
						<method name="getStreet" signature="()Ljava/lang/String;" line-rate="0.0" branch-rate="1.0">
							<lines>
								<line number="50" hits="0" branch="false"/>
							</lines>
						</method>
						<method name="setAge" signature="(Ljava/lang/Integer;)V" line-rate="0.0" branch-rate="1.0">
							<lines>
								<line number="46" hits="0" branch="false"/>
								<line number="47" hits="0" branch="false"/>
							</lines>
						</method>
						<method name="setCity" signature="(Ljava/lang/String;)V" line-rate="0.0" branch-rate="1.0">
							<lines>
								<line number="62" hits="0" branch="false"/>
								<line number="63" hits="0" branch="false"/>
							</lines>
						</method>
						<method name="setEmail" signature="(Ljava/lang/String;)V" line-rate="0.0" branch-rate="1.0">
							<lines>
								<line number="86" hits="0" branch="false"/>
								<line number="87" hits="0" branch="false"/>
							</lines>
						</method>
						<method name="setFirstname" signature="(Ljava/lang/String;)V" line-rate="0.0" branch-rate="1.0">
							<lines>
								<line number="30" hits="0" branch="false"/>
								<line number="31" hits="0" branch="false"/>
							</lines>
						</method>
						<method name="setInfo" signature="(Ljava/lang/String;)V" line-rate="0.0" branch-rate="1.0">
							<lines>
								<line number="78" hits="0" branch="false"/>
								<line number="79" hits="0" branch="false"/>
							</lines>
						</method>
						<method name="setLastname" signature="(Ljava/lang/String;)V" line-rate="0.0" branch-rate="1.0">
							<lines>
								<line number="38" hits="0" branch="false"/>
								<line number="39" hits="0" branch="false"/>
							</lines>
						</method>
						<method name="setPhone" signature="(Ljava/lang/String;)V" line-rate="0.0" branch-rate="1.0">
							<lines>
								<line number="94" hits="0" branch="false"/>
								<line number="95" hits="0" branch="false"/>
							</lines>
						</method>
						<method name="setPostalCode" signature="(Ljava/lang/String;)V" line-rate="0.0" branch-rate="1.0">
							<lines>
								<line number="70" hits="0" branch="false"/>
								<line number="71" hits="0" branch="false"/>
							</lines>
						</method>
						<method name="setStreet" signature="(Ljava/lang/String;)V" line-rate="0.0" branch-rate="1.0">
							<lines>
								<line number="54" hits="0" branch="false"/>
								<line number="55" hits="0" branch="false"/>
							</lines>
						</method>
					</methods>
					<lines>
						<line number="5" hits="0" branch="false"/>
						<line number="26" hits="0" branch="false"/>
						<line number="30" hits="0" branch="false"/>
						<line number="31" hits="0" branch="false"/>
						<line number="34" hits="0" branch="false"/>
						<line number="38" hits="0" branch="false"/>
						<line number="39" hits="0" branch="false"/>
						<line number="42" hits="0" branch="false"/>
						<line number="46" hits="0" branch="false"/>
						<line number="47" hits="0" branch="false"/>
						<line number="50" hits="0" branch="false"/>
						<line number="54" hits="0" branch="false"/>
						<line number="55" hits="0" branch="false"/>
						<line number="58" hits="0" branch="false"/>
						<line number="62" hits="0" branch="false"/>
						<line number="63" hits="0" branch="false"/>
						<line number="66" hits="0" branch="false"/>
						<line number="70" hits="0" branch="false"/>
						<line number="71" hits="0" branch="false"/>
						<line number="74" hits="0" branch="false"/>
						<line number="78" hits="0" branch="false"/>
						<line number="79" hits="0" branch="false"/>
						<line number="82" hits="0" branch="false"/>
						<line number="86" hits="0" branch="false"/>
						<line number="87" hits="0" branch="false"/>
						<line number="90" hits="0" branch="false"/>
						<line number="94" hits="0" branch="false"/>
						<line number="95" hits="0" branch="false"/>
					</lines>
				</class>
				<class name="com.datasciencebox.editor.UserWizard" filename="com/datasciencebox/editor/UserWizard.java" line-rate="0.0" branch-rate="0.0" complexity="0.0">
					<methods>
						<method name="&lt;init&gt;" signature="()V" line-rate="0.0" branch-rate="1.0">
							<lines>
								<line number="13" hits="0" branch="false"/>
								<line number="15" hits="0" branch="false"/>
							</lines>
						</method>
						<method name="getUser" signature="()Lcom/datasciencebox/editor/User;" line-rate="0.0" branch-rate="1.0">
							<lines>
								<line number="20" hits="0" branch="false"/>
							</lines>
						</method>
						<method name="isSkip" signature="()Z" line-rate="0.0" branch-rate="1.0">
							<lines>
								<line number="33" hits="0" branch="false"/>
							</lines>
						</method>
						<method name="onFlowProcess" signature="(Lorg/primefaces/event/FlowEvent;)Ljava/lang/String;" line-rate="0.0" branch-rate="0.0">
							<lines>
								<line number="41" hits="0" branch="true" condition-coverage="0% (0/2)">
									<conditions>
										<condition number="0" type="jump" coverage="0%"/>
									</conditions>
								</line>
								<line number="42" hits="0" branch="false"/>
								<line number="43" hits="0" branch="false"/>
								<line number="46" hits="0" branch="false"/>
							</lines>
						</method>
						<method name="save" signature="()V" line-rate="0.0" branch-rate="1.0">
							<lines>
								<line number="28" hits="0" branch="false"/>
								<line number="29" hits="0" branch="false"/>
								<line number="30" hits="0" branch="false"/>
							</lines>
						</method>
						<method name="setSkip" signature="(Z)V" line-rate="0.0" branch-rate="1.0">
							<lines>
								<line number="37" hits="0" branch="false"/>
								<line number="38" hits="0" branch="false"/>
							</lines>
						</method>
						<method name="setUser" signature="(Lcom/datasciencebox/editor/User;)V" line-rate="0.0" branch-rate="1.0">
							<lines>
								<line number="24" hits="0" branch="false"/>
								<line number="25" hits="0" branch="false"/>
							</lines>
						</method>
					</methods>
					<lines>
						<line number="13" hits="0" branch="false"/>
						<line number="15" hits="0" branch="false"/>
						<line number="20" hits="0" branch="false"/>
						<line number="24" hits="0" branch="false"/>
						<line number="25" hits="0" branch="false"/>
						<line number="28" hits="0" branch="false"/>
						<line number="29" hits="0" branch="false"/>
						<line number="30" hits="0" branch="false"/>
						<line number="33" hits="0" branch="false"/>
						<line number="37" hits="0" branch="false"/>
						<line number="38" hits="0" branch="false"/>
						<line number="41" hits="0" branch="true" condition-coverage="0% (0/2)">
							<conditions>
								<condition number="0" type="jump" coverage="0%"/>
							</conditions>
						</line>
						<line number="42" hits="0" branch="false"/>
						<line number="43" hits="0" branch="false"/>
						<line number="46" hits="0" branch="false"/>
					</lines>
				</class>
				<class name="com.datasciencebox.editor.WeatherView" filename="com/datasciencebox/editor/WeatherView.java" line-rate="0.0" branch-rate="1.0" complexity="0.0">
					<methods>
						<method name="&lt;clinit&gt;" signature="()V" line-rate="0.0" branch-rate="1.0">
							<lines>
								<line number="25" hits="0" branch="false"/>
							</lines>
						</method>
						<method name="&lt;init&gt;" signature="()V" line-rate="0.0" branch-rate="1.0">
							<lines>
								<line number="18" hits="0" branch="false"/>
								<line number="22" hits="0" branch="false"/>
							</lines>
						</method>
						<method name="getCities" signature="()Ljava/util/Map;" line-rate="0.0" branch-rate="1.0">
							<lines>
								<line number="61" hits="0" branch="false"/>
							</lines>
						</method>
						<method name="getCity" signature="()Ljava/lang/String;" line-rate="0.0" branch-rate="1.0">
							<lines>
								<line number="40" hits="0" branch="false"/>
							</lines>
						</method>
						<method name="getConditions" signature="()Ljava/lang/String;" line-rate="0.0" branch-rate="1.0">
							<lines>
								<line number="47" hits="0" branch="false"/>
							</lines>
						</method>
						<method name="getUnit" signature="()Ljava/lang/String;" line-rate="0.0" branch-rate="1.0">
							<lines>
								<line number="54" hits="0" branch="false"/>
							</lines>
						</method>
						<method name="init" signature="()V" line-rate="0.0" branch-rate="1.0">
							<lines>
								<line number="29" hits="0" branch="false"/>
								<line number="30" hits="0" branch="false"/>
								<line number="31" hits="0" branch="false"/>
								<line number="32" hits="0" branch="false"/>
								<line number="33" hits="0" branch="false"/>
								<line number="34" hits="0" branch="false"/>
								<line number="35" hits="0" branch="false"/>
								<line number="36" hits="0" branch="false"/>
								<line number="37" hits="0" branch="false"/>
							</lines>
						</method>
						<method name="retrieveConditions" signature="()V" line-rate="0.0" branch-rate="1.0">
							<lines>
								<line number="66" hits="0" branch="false"/>
								<line number="67" hits="0" branch="false"/>
								<line number="68" hits="0" branch="false"/>
								<line number="69" hits="0" branch="false"/>
								<line number="71" hits="0" branch="false"/>
								<line number="72" hits="0" branch="false"/>
								<line number="73" hits="0" branch="false"/>
								<line number="74" hits="0" branch="false"/>
								<line number="76" hits="0" branch="false"/>
							</lines>
						</method>
						<method name="saveSettings" signature="()Ljava/lang/String;" line-rate="0.0" branch-rate="1.0">
							<lines>
								<line number="79" hits="0" branch="false"/>
								<line number="80" hits="0" branch="false"/>
							</lines>
						</method>
						<method name="setCity" signature="(Ljava/lang/String;)V" line-rate="0.0" branch-rate="1.0">
							<lines>
								<line number="43" hits="0" branch="false"/>
								<line number="44" hits="0" branch="false"/>
							</lines>
						</method>
						<method name="setConditions" signature="(Ljava/lang/String;)V" line-rate="0.0" branch-rate="1.0">
							<lines>
								<line number="50" hits="0" branch="false"/>
								<line number="51" hits="0" branch="false"/>
							</lines>
						</method>
						<method name="setUnit" signature="(Ljava/lang/String;)V" line-rate="0.0" branch-rate="1.0">
							<lines>
								<line number="57" hits="0" branch="false"/>
								<line number="58" hits="0" branch="false"/>
							</lines>
						</method>
					</methods>
					<lines>
						<line number="18" hits="0" branch="false"/>
						<line number="22" hits="0" branch="false"/>
						<line number="25" hits="0" branch="false"/>
						<line number="29" hits="0" branch="false"/>
						<line number="30" hits="0" branch="false"/>
						<line number="31" hits="0" branch="false"/>
						<line number="32" hits="0" branch="false"/>
						<line number="33" hits="0" branch="false"/>
						<line number="34" hits="0" branch="false"/>
						<line number="35" hits="0" branch="false"/>
						<line number="36" hits="0" branch="false"/>
						<line number="37" hits="0" branch="false"/>
						<line number="40" hits="0" branch="false"/>
						<line number="43" hits="0" branch="false"/>
						<line number="44" hits="0" branch="false"/>
						<line number="47" hits="0" branch="false"/>
						<line number="50" hits="0" branch="false"/>
						<line number="51" hits="0" branch="false"/>
						<line number="54" hits="0" branch="false"/>
						<line number="57" hits="0" branch="false"/>
						<line number="58" hits="0" branch="false"/>
						<line number="61" hits="0" branch="false"/>
						<line number="66" hits="0" branch="false"/>
						<line number="67" hits="0" branch="false"/>
						<line number="68" hits="0" branch="false"/>
						<line number="69" hits="0" branch="false"/>
						<line number="71" hits="0" branch="false"/>
						<line number="72" hits="0" branch="false"/>
						<line number="73" hits="0" branch="false"/>
						<line number="74" hits="0" branch="false"/>
						<line number="76" hits="0" branch="false"/>
						<line number="79" hits="0" branch="false"/>
						<line number="80" hits="0" branch="false"/>
					</lines>
				</class>
			</classes>
		</package>
	</packages>
</coverage>
